
Pen Test Log for 192.168.88.134 on Mon 28 Mar 2022 20:39:06 IST
---

Network - 192.168.88.0/24
Target IP - 192.168.88.134
Scan Perfomed - ##nmap -A -p- 192.168.88.134

---

Scan results: 
	Open port:         21| Protocol:        tcp| Service:                  ftp| Version: vsftpd 2.3.4 
	Open port:         25| Protocol:        tcp| Service:                 smtp| Version: Postfix smtpd 
	Open port:         53| Protocol:        tcp| Service:               domain| Version: ISC BIND 9.4.2 
	Open port:        111| Protocol:        tcp| Service:              rpcbind| Version: 2 (RPC #100000) 
	Open port:        139| Protocol:        tcp| Service:          netbios-ssn| Version: Samba smbd 3.0.20-Debian (workgroup: WORKGROUP) 
	Open port:        512| Protocol:        tcp| Service:                 exec| Version: netkit-rsh rexecd 
	Open port:        513| Protocol:        tcp| Service:                login| Version:           
	Open port:       1099| Protocol:        tcp| Service:             java-rmi| Version: GNU Classpath grmiregistry 
	Open port:       2121| Protocol:        tcp| Service:                  ftp| Version: ProFTPD 1.3.1 
	Open port:       8180| Protocol:        tcp| Service:                 http| Version: Apache Tomcat 

Operating System Detection: 
Running: Linux 2.6.X detected!
OS details: Linux 2.6.9 - 2.6.33 detected!

Host Details Detection: 

	Computer Name: pt001 

	Domain Name:  

	FQDN: pt001 


